


ARM Macro Assembler    Page 1 


    1 00000000         #line   1                "..\\Src\\rho\\rho.s"
    1 00000000         ; 
    2 00000000         ;
    3 00000000         
    4 00000000         
    5 00000000         
    6 00000000         
    7 00000000         
    8 00000000         
    9 00000000         
   10 00000000         
   11 00000000         
   12 00000000         
   13 00000000         ; 
   14 00000000         
   15 00000000         
   16 00000000         
   17 00000000         ;#define STATIC_BUFFER
   18 00000000         ;#define BAYER_TOGGLE
   19 00000000         ;#define SPOOF
   20 00000000         
   21 00000000         
   22 00000000         
   23 00000000         
   24 00000000         
   25 00000000         
   26 00000000         
   27 00000000         
   28 00000000                 area             rho, code, readonly
   29 00000000                 preserve8
   30 00000000         
   31 00000000                 extern           CAPTURE_BUFFER
   32 00000000                 extern           THRESH_BUFFER
   33 00000000                 extern           DENSITY_X
   34 00000000                 extern           DENSITY_Y
   35 00000000                 extern           QUADRANT_BUFFER
   36 00000000                 extern           QUADRANT_TOTAL
   37 00000000                 extern           QUADRANT_PREVIOUS
   38 00000000                 extern           CENTROID_X
   39 00000000                 extern           CENTROID_Y
   40 00000000                 extern           DENSITY_X_MAX
   41 00000000                 extern           THRESH_BUFFER_END
   42 00000000                 extern           THRESH_BUFFER_MAX
   43 00000000                 extern           THRESH_VALUE
   44 00000000         
   45 00000000                 extern           proc_flag
   46 00000000                 entry
   47 00000000         
   48 00000000                 align
   49 00000000         asm_test
                               proc
   50 00000000                 export           asm_test
   51 00000000 F04F 0000       mov              r0, #0
   52 00000004 F04F 0101       mov              r1, #1
   53 00000008 F04F 0202       mov              r2, #2
   54 0000000C F04F 0303       mov              r3, #3
   55 00000010 F04F 0404       mov              r4, #4
   56 00000014 F04F 0505       mov              r5, #5
   57 00000018 F04F 0606       mov              r6, #6



ARM Macro Assembler    Page 2 


   58 0000001C F04F 0707       mov              r7, #7
   59 00000020 F04F 0808       mov              r8, #8
   60 00000024 F04F 0909       mov              r9, #9
   61 00000028 F04F 0A0A       mov              r10, #10
   62 0000002C F04F 0B0B       mov              r11, #11
   63 00000030 F04F 0C0C       mov              r12, #12
   64 00000034         ;vmov.f32 s24, #24
   65 00000034 4770            bx               lr
   66 00000036                 endp
   67 00000036         
   68 00000036 00 00           align
   69 00000038         rho_init
                               proc
   70 00000038                 export           rho_init
   71 00000038         
   72 00000038 4770            bx               lr
   73 0000003A                 endp
   74 0000003A         
   75 0000003A 00 00           align
   76 0000003C         frame_start
                               proc
   77 0000003C                 import           zero_memory
   78 0000003C                 export           frame_start
   79 0000003C F8DF 913C       ldr              r9, =CAPTURE_BUFFER
   80 00000040         
   81 00000040         
   82 00000040         
   83 00000040 F8DF A13C       ldr              r10, =THRESH_BUFFER ; 
   84 00000044 484F            ldr              r0, =THRESH_VALUE ; 
   85 00000046 F8D0 B000       ldr              r11, [r0]
   86 0000004A 4770            bx               lr
   87 0000004C                 endp
   88 0000004C         
   89 0000004C                 align
   90 0000004C         frame_end
                               proc
   91 0000004C                 export           frame_end
   92 0000004C         ; Add the four quadrants into QUADRANT_TOTAL
   93 0000004C 484E            ldr              r0, =QUADRANT_BUFFER ; 
   94 0000004E F850 2B04       ldr              r2, [r0], #4 ; 
   95 00000052 F850 1B04       ldr              r1, [r0], #4
   96 00000056 440A            add              r2, r2, r1
   97 00000058 F850 1B04       ldr              r1, [r0], #4
   98 0000005C 440A            add              r2, r2, r1
   99 0000005E 6801            ldr              r1, [r0]
  100 00000060 440A            add              r2, r2, r1
  101 00000062 484A            ldr              r0, =QUADRANT_TOTAL
  102 00000064 6002            str              r2, [r0]
  103 00000066 4770            bx               lr
  104 00000068                 endp
  105 00000068         
  106 00000068                 align
  107 00000068         row_int proc
  108 00000068                 export           row_int
  109 00000068         
  110 00000068 4846            ldr              r0, =THRESH_VALUE ; 
  111 0000006A F8D0 B000       ldr              r11, [r0]
  112 0000006E         
  113 0000006E         ; Store Y delimiter in thresh buffer



ARM Macro Assembler    Page 3 


  114 0000006E F64A 20AA       mov              r0, #0xaaaa ; 
  115 00000072 F82A 0B02       strh             r0, [r10], #2 ; 
  116 00000076 4841            ldr              r0, =CAPTURE_BUFFER
  117 00000078 4648            mov              r0, r9
  118 0000007A         
  119 0000007A         #line   125              "..\\Src\\rho\\rho.s"
  125 0000007A 4770    row_ret bx               lr
  126 0000007C                 endp
  127 0000007C         
  128 0000007C                 align
  129 0000007C         pixel_proc
                               proc
  130 0000007C                 export           pixel_proc
  131 0000007C         
  132 0000007C 4944            ldr              r1, =THRESH_BUFFER_MAX
  133 0000007E 6809            ldr              r1, [r1]
  134 00000080 458A            cmp              r10, r1
  135 00000082 DB02            blt              pxl_start
  136 00000084 F04F 0000       mov              r0, #0
  137 00000088 4770            bx               lr
  138 0000008A         
  139 0000008A F819 3B01 
                       pxl_start
                               ldrb             r3, [r9], #1 ; 
  140 0000008E 455B            cmp              r3, r11     ; 
  141 00000090 BFA8 F82A 
              9B02             strgeh           r9, [r10], #2 ; 
  142 00000096 F04F 0001       mov              r0, #1
  143 0000009A 4770            bx               lr
  144 0000009C                 endp
  145 0000009C         
  146 0000009C                 align
  147 0000009C         rho_proc
                               proc
  148 0000009C                 import           printBuffers
  149 0000009C                 export           rho_proc
  150 0000009C E92D 5FFF       stmdb            sp!, {r0-r12,lr}
  151 000000A0         
  152 000000A0         
  153 000000A0         
  154 000000A0         
  155 000000A0         
  156 000000A0         
  157 000000A0 493C            ldr              r1, =THRESH_BUFFER_END ; Set fi
                                                            nal end of thresh b
                                                            uffer for frame
  158 000000A2 F8C1 A000       str              r10, [r1]
  159 000000A6         
  160 000000A6 F8DF C0D8       ldr              r12, =THRESH_BUFFER
  161 000000AA F04F 0600       mov              r6, #0      ; 
  162 000000AE F04F 0700       mov              r7, #0
  163 000000B2 F04F 0800       mov              r8, #0
  164 000000B6         
  165 000000B6 F83C 6B02 
                       read_loop
                               ldrh             r6, [r12], #2 ; 
  166 000000BA F64A 20AA       mov              r0, #0xaaaa
  167 000000BE 4286            cmp              r6, r0      ; 
  168 000000C0 D124            bne              no_del



ARM Macro Assembler    Page 4 


  169 000000C2         
  170 000000C2         ; Process Row
  171 000000C2 4831            ldr              r0, =QUADRANT_BUFFER
  172 000000C4 4934            ldr              r1, =CENTROID_Y
  173 000000C6 8809            ldrh             r1, [r1]
  174 000000C8 428F            cmp              r7, r1      ; 
  175 000000CA DA07            bge              higher
  176 000000CC F008 08FD       and              r8, r8, #0xfd ; 
  177 000000D0 F850 1B04       ldr              r1, [r0], #4 ; 
  178 000000D4 6802            ldr              r2, [r0]
  179 000000D6 EB01 0002       add              r0, r1, r2
  180 000000DA E008            b                dx_store
  181 000000DC F048 0802 
                       higher  orr              r8, r8, #0x02 ; 
  182 000000E0 F100 0008       add              r0, r0, #8  ; 
  183 000000E4 F850 1B04       ldr              r1, [r0], #4
  184 000000E8 6802            ldr              r2, [r0]
  185 000000EA EB01 0002       add              r0, r1, r2  ; Calculate QN into
                                                             r0
  186 000000EE 492B    dx_store
                               ldr              r1, =QUADRANT_PREVIOUS
  187 000000F0 680A            ldr              r2, [r1]    ; 
  188 000000F2 6008            str              r0, [r1]    ; 
  189 000000F4 EBA0 0002       sub              r0, r0, r2  ; Calculate QN - QP
                                                             into r0
  190 000000F8 4A29            ldr              r2, =DENSITY_X
  191 000000FA 51D0            str              r0, [r2, r7]
  192 000000FC F107 0704       add              r7, r7, #4
  193 00000100 4B28            ldr              r3, =DENSITY_X_MAX ; 
  194 00000102 681A            ldr              r2, [r3]
  195 00000104 4290            cmp              r0, r2
  196 00000106 DD2C            ble              rho_lcheck  ; Contiunue (to qua
                                                            drant increment) if
                                                             less than or equal
                                                            
  197 00000108 6018            str              r0, [r3]    ; Store as new max 
                                                            if greater
  198 0000010A E02A            b                rho_lcheck
  199 0000010C         
  200 0000010C         ; Process Pixel
  201 0000010C 481B    no_del  ldr              r0, =CAPTURE_BUFFER ; Load capt
                                                            ure buffer to corre
                                                            ct offset
  202 0000010E F64F 71FF       mov              r1, #0x0000ffff
  203 00000112 EA00 0001       and              r0, r0, r1  ; Keep bottom half 
                                                            in r0
  204 00000116 4286            cmp              r6, r0
  205 00000118         
  206 00000118         
  207 00000118         
  208 00000118         
  209 00000118         
  210 00000118 DB23            blt              rho_lcheck  ; Check for valid v
                                                            alue
  211 0000011A EBA6 0600       sub              r6, r6, r0  ; Remove address of
                                                            fset from r6
  212 0000011E F1A6 0601       sub              r6, r6, #1
  213 00000122 F04F 00A0       mov              r0, #160
  214 00000126 4286    sudo_mod



ARM Macro Assembler    Page 5 


                               cmp              r6, r0
  215 00000128 DB02            blt              rx_corr
  216 0000012A EBA6 0600       sub              r6, r6, r0
  217 0000012E E7FA            b                sudo_mod
  218 00000130 491D    rx_corr ldr              r1, =CENTROID_X
  219 00000132 8809            ldrh             r1, [r1]
  220 00000134 428E            cmp              r6, r1      ; 
  221 00000136 DA02            bge              right
  222 00000138 F008 08FE 
                       left    and              r8, r8, #0xfe ; 
  223 0000013C E001            b                dy_store
  224 0000013E F048 0801 
                       right   orr              r8, r8, #0x01 ; 
  225 00000142 491A    dy_store
                               ldr              r1, =DENSITY_Y
  226 00000144 EB06 0206       add              r2, r6, r6  ; Calcalute r6 x4 i
                                                            nto r2
  227 00000148 4412            add              r2, r2, r2  ; (r6 is byte width
                                                             while Dx is word w
                                                            idth)
  228 0000014A 5888            ldr              r0, [r1, r2] ; 
  229 0000014C F100 0001       add              r0, r0, #1
  230 00000150 5088            str              r0, [r1, r2]
  231 00000152         
  232 00000152         ; Increment Quandrants
  233 00000152 490D    inc_qs  ldr              r1, =QUADRANT_BUFFER
  234 00000154 EB08 0208       add              r2, r8, r8  ; Multiply r8 by wo
                                                            rd length
  235 00000158 4412            add              r2, r2, r2
  236 0000015A 5888            ldr              r0, [r1, r2] ; 
  237 0000015C F100 0001       add              r0, r0, #1
  238 00000160 5088            str              r0, [r1, r2]
  239 00000162         
  240 00000162         ; Loop until Thresh Buffer End
  241 00000162 480C    rho_lcheck
                               ldr              r0, =THRESH_BUFFER_END ; 
  242 00000164 6800            ldr              r0, [r0]
  243 00000166 4584            cmp              r12, r0
  244 00000168 DBA5            blt              read_loop
  245 0000016A         
  246 0000016A B500            stmdb            sp!, {lr}
  247 0000016C F7FF FFFE       bl               frame_end
  248 00000170 F85D EB04       ldmia            sp!, {lr}
  249 00000174 E8BD 5FFF       ldmia            sp!, {r0-r12,lr}
  250 00000178 4770            bx               lr
  251 0000017A                 endp
  252 0000017A                 end
              00 00 00000000 
              00000000 
              00000000 
              00000000 
              00000000 
              00000000 
              00000000 
              00000000 
              00000000 
              00000000 
              00000000 
              00000000 



ARM Macro Assembler    Page 6 


              00000000 
Command Line: --debug --xref --cpreproc --diag_suppress=9931 --cpu=Cortex-M4.fp
 --apcs=interwork --depend=rho_mod_v1\rho.d -orho_mod_v1\rho.o -I.\RTE\_rho_mod
_v3 -IC:\Keil_v5\ARM\PACK\ARM\CMSIS\5.3.0\CMSIS\Include -IC:\Keil_v5\ARM\PACK\K
eil\STM32L4xx_DFP\2.0.0\Drivers\CMSIS\Device\ST\STM32L4xx\Include --predefine="
__EVAL SETA 1" --predefine="__UVISION_VERSION SETA 524" --predefine="_RTE_ SETA
 1" --predefine="STM32L432xx SETA 1" --list=rho.lst ..\Src\rho\rho.s



ARM Macro Assembler    Page 1 Alphabetic symbol ordering
Relocatable symbols

asm_test 00000000

Symbol: asm_test
   Definitions
      At line 49 in file ..\\Src\\rho\\rho.s
   Uses
      At line 50 in file ..\\Src\\rho\\rho.s
Comment: asm_test used once
dx_store 000000EE

Symbol: dx_store
   Definitions
      At line 186 in file ..\\Src\\rho\\rho.s
   Uses
      At line 180 in file ..\\Src\\rho\\rho.s
Comment: dx_store used once
dy_store 00000142

Symbol: dy_store
   Definitions
      At line 225 in file ..\\Src\\rho\\rho.s
   Uses
      At line 223 in file ..\\Src\\rho\\rho.s
Comment: dy_store used once
frame_end 0000004C

Symbol: frame_end
   Definitions
      At line 90 in file ..\\Src\\rho\\rho.s
   Uses
      At line 91 in file ..\\Src\\rho\\rho.s
      At line 247 in file ..\\Src\\rho\\rho.s

frame_start 0000003C

Symbol: frame_start
   Definitions
      At line 76 in file ..\\Src\\rho\\rho.s
   Uses
      At line 78 in file ..\\Src\\rho\\rho.s
Comment: frame_start used once
higher 000000DC

Symbol: higher
   Definitions
      At line 181 in file ..\\Src\\rho\\rho.s
   Uses
      At line 175 in file ..\\Src\\rho\\rho.s
Comment: higher used once
inc_qs 00000152

Symbol: inc_qs
   Definitions
      At line 233 in file ..\\Src\\rho\\rho.s
   Uses
      None
Comment: inc_qs unused
left 00000138




ARM Macro Assembler    Page 2 Alphabetic symbol ordering
Relocatable symbols

Symbol: left
   Definitions
      At line 222 in file ..\\Src\\rho\\rho.s
   Uses
      None
Comment: left unused
no_del 0000010C

Symbol: no_del
   Definitions
      At line 201 in file ..\\Src\\rho\\rho.s
   Uses
      At line 168 in file ..\\Src\\rho\\rho.s
Comment: no_del used once
pixel_proc 0000007C

Symbol: pixel_proc
   Definitions
      At line 129 in file ..\\Src\\rho\\rho.s
   Uses
      At line 130 in file ..\\Src\\rho\\rho.s
Comment: pixel_proc used once
pxl_start 0000008A

Symbol: pxl_start
   Definitions
      At line 139 in file ..\\Src\\rho\\rho.s
   Uses
      At line 135 in file ..\\Src\\rho\\rho.s
Comment: pxl_start used once
read_loop 000000B6

Symbol: read_loop
   Definitions
      At line 165 in file ..\\Src\\rho\\rho.s
   Uses
      At line 244 in file ..\\Src\\rho\\rho.s
Comment: read_loop used once
rho 00000000

Symbol: rho
   Definitions
      At line 28 in file ..\\Src\\rho\\rho.s
   Uses
      None
Comment: rho unused
rho_init 00000038

Symbol: rho_init
   Definitions
      At line 69 in file ..\\Src\\rho\\rho.s
   Uses
      At line 70 in file ..\\Src\\rho\\rho.s
Comment: rho_init used once
rho_lcheck 00000162

Symbol: rho_lcheck
   Definitions
      At line 241 in file ..\\Src\\rho\\rho.s



ARM Macro Assembler    Page 3 Alphabetic symbol ordering
Relocatable symbols

   Uses
      At line 196 in file ..\\Src\\rho\\rho.s
      At line 198 in file ..\\Src\\rho\\rho.s
      At line 210 in file ..\\Src\\rho\\rho.s

rho_proc 0000009C

Symbol: rho_proc
   Definitions
      At line 147 in file ..\\Src\\rho\\rho.s
   Uses
      At line 149 in file ..\\Src\\rho\\rho.s
Comment: rho_proc used once
right 0000013E

Symbol: right
   Definitions
      At line 224 in file ..\\Src\\rho\\rho.s
   Uses
      At line 221 in file ..\\Src\\rho\\rho.s
Comment: right used once
row_int 00000068

Symbol: row_int
   Definitions
      At line 107 in file ..\\Src\\rho\\rho.s
   Uses
      At line 108 in file ..\\Src\\rho\\rho.s
Comment: row_int used once
row_ret 0000007A

Symbol: row_ret
   Definitions
      At line 125 in file ..\\Src\\rho\\rho.s
   Uses
      None
Comment: row_ret unused
rx_corr 00000130

Symbol: rx_corr
   Definitions
      At line 218 in file ..\\Src\\rho\\rho.s
   Uses
      At line 215 in file ..\\Src\\rho\\rho.s
Comment: rx_corr used once
sudo_mod 00000126

Symbol: sudo_mod
   Definitions
      At line 214 in file ..\\Src\\rho\\rho.s
   Uses
      At line 217 in file ..\\Src\\rho\\rho.s
Comment: sudo_mod used once
21 symbols



ARM Macro Assembler    Page 1 Alphabetic symbol ordering
External symbols

CAPTURE_BUFFER 00000000

Symbol: CAPTURE_BUFFER
   Definitions
      At line 31 in file ..\\Src\\rho\\rho.s
   Uses
      At line 79 in file ..\\Src\\rho\\rho.s
      At line 116 in file ..\\Src\\rho\\rho.s
      At line 201 in file ..\\Src\\rho\\rho.s

CENTROID_X 00000000

Symbol: CENTROID_X
   Definitions
      At line 38 in file ..\\Src\\rho\\rho.s
   Uses
      At line 218 in file ..\\Src\\rho\\rho.s
Comment: CENTROID_X used once
CENTROID_Y 00000000

Symbol: CENTROID_Y
   Definitions
      At line 39 in file ..\\Src\\rho\\rho.s
   Uses
      At line 172 in file ..\\Src\\rho\\rho.s
Comment: CENTROID_Y used once
DENSITY_X 00000000

Symbol: DENSITY_X
   Definitions
      At line 33 in file ..\\Src\\rho\\rho.s
   Uses
      At line 190 in file ..\\Src\\rho\\rho.s
Comment: DENSITY_X used once
DENSITY_X_MAX 00000000

Symbol: DENSITY_X_MAX
   Definitions
      At line 40 in file ..\\Src\\rho\\rho.s
   Uses
      At line 193 in file ..\\Src\\rho\\rho.s
Comment: DENSITY_X_MAX used once
DENSITY_Y 00000000

Symbol: DENSITY_Y
   Definitions
      At line 34 in file ..\\Src\\rho\\rho.s
   Uses
      At line 225 in file ..\\Src\\rho\\rho.s
Comment: DENSITY_Y used once
QUADRANT_BUFFER 00000000

Symbol: QUADRANT_BUFFER
   Definitions
      At line 35 in file ..\\Src\\rho\\rho.s
   Uses
      At line 93 in file ..\\Src\\rho\\rho.s
      At line 171 in file ..\\Src\\rho\\rho.s
      At line 233 in file ..\\Src\\rho\\rho.s



ARM Macro Assembler    Page 2 Alphabetic symbol ordering
External symbols


QUADRANT_PREVIOUS 00000000

Symbol: QUADRANT_PREVIOUS
   Definitions
      At line 37 in file ..\\Src\\rho\\rho.s
   Uses
      At line 186 in file ..\\Src\\rho\\rho.s
Comment: QUADRANT_PREVIOUS used once
QUADRANT_TOTAL 00000000

Symbol: QUADRANT_TOTAL
   Definitions
      At line 36 in file ..\\Src\\rho\\rho.s
   Uses
      At line 101 in file ..\\Src\\rho\\rho.s
Comment: QUADRANT_TOTAL used once
THRESH_BUFFER 00000000

Symbol: THRESH_BUFFER
   Definitions
      At line 32 in file ..\\Src\\rho\\rho.s
   Uses
      At line 83 in file ..\\Src\\rho\\rho.s
      At line 160 in file ..\\Src\\rho\\rho.s

THRESH_BUFFER_END 00000000

Symbol: THRESH_BUFFER_END
   Definitions
      At line 41 in file ..\\Src\\rho\\rho.s
   Uses
      At line 157 in file ..\\Src\\rho\\rho.s
      At line 241 in file ..\\Src\\rho\\rho.s

THRESH_BUFFER_MAX 00000000

Symbol: THRESH_BUFFER_MAX
   Definitions
      At line 42 in file ..\\Src\\rho\\rho.s
   Uses
      At line 132 in file ..\\Src\\rho\\rho.s
Comment: THRESH_BUFFER_MAX used once
THRESH_VALUE 00000000

Symbol: THRESH_VALUE
   Definitions
      At line 43 in file ..\\Src\\rho\\rho.s
   Uses
      At line 84 in file ..\\Src\\rho\\rho.s
      At line 110 in file ..\\Src\\rho\\rho.s

printBuffers 00000000

Symbol: printBuffers
   Definitions
      At line 148 in file ..\\Src\\rho\\rho.s
   Uses
      None



ARM Macro Assembler    Page 3 Alphabetic symbol ordering
External symbols

Comment: printBuffers unused
proc_flag 00000000

Symbol: proc_flag
   Definitions
      At line 45 in file ..\\Src\\rho\\rho.s
   Uses
      None
Comment: proc_flag unused
zero_memory 00000000

Symbol: zero_memory
   Definitions
      At line 77 in file ..\\Src\\rho\\rho.s
   Uses
      None
Comment: zero_memory unused
16 symbols
374 symbols in table
